--2022-06-25 14:18:56--  https://climate
SUCCESSFULLY DOWNLOADED DATA FROM CLIMATE CANADA!
STARTING PYTHON SCRIPT TO PROCESS DATA... ON ...
en_climate_hourly_ON_6158359_02-2020_P1H.csv
en_climate_hourly_ON_6158359_02-2021_P1H.csv
en_climate_hourly_ON_6158359_02-2022_P1H.csv
SUCCESSFULLY PROCESSED DATA!
REMOVING DOWNLOADED FILES...
END RUNNING PROCESS
PROCESS END AT 06252022141859
OK
Length: unspecified [application/force-download]
Saving to: ‘en_climate_hourly_ON_6158359_02-2020_P1H.csv’

     0K .......... .......... .......... .......... ..........  922K
    50K .......... .......... .......... .......... .......... 1.85M
   100K .......... .......... .......                          32.4M=0.08s

2022-06-25 14:18:57 (1.53 MB/s) - ‘en_climate_hourly_ON_6158359_02-2020_P1H.csv’ saved [130712]

--2022-06-25 14:18:57--  https://climate.weather.gc.ca/climate_data/bulk_data_e.html?format=csv&stationID=48549&Year=2021&Month=2&Day=14&timeframe=1&submit=%20Download+Data
Resolving climate.weather.gc.ca (climate.weather.gc.ca)... 205.189.10.46
Connecting to climate.weather.gc.ca (climate.weather.gc.ca)|205.189.10.46|:443... connected.
HTTP request sent, awaiting response... 200 OK
Length: unspecified [application/force-download]
Saving to: ‘en_climate_hourly_ON_6158359_02-2021_P1H.csv’

     0K .......... .......... .......... .......... ..........  887K
    50K .......... .......... .......... .......... .......... 1.67M
   100K .......... .......... ...                              31.8M=0.09s

2022-06-25 14:18:58 (1.40 MB/s) - ‘en_climate_hourly_ON_6158359_02-2021_P1H.csv’ saved [126714]

--2022-06-25 14:18:58--  https://climate.weather.gc.ca/climate_data/bulk_data_e.html?format=csv&stationID=48549&Year=2022&Month=2&Day=14&timeframe=1&submit=%20Download+Data
Resolving climate.weather.gc.ca (climate.weather.gc.ca)... 205.189.10.46
Connecting to climate.weather.gc.ca (climate.weather.gc.ca)|205.189.10.46|:443... connected.
HTTP request sent, awaiting response... 200 OK
Length: unspecified [application/force-download]
Saving to: ‘en_climate_hourly_ON_6158359_02-2022_P1H.csv’

     0K .......... .......... .......... .......... ..........  917K
    50K .......... .......... .......... .......... .......... 1.81M
   100K .......... .......... ...                              27.1M=0.08s

2022-06-25 14:18:58 (1.47 MB/s) - ‘en_climate_hourly_ON_6158359_02-2022_P1H.csv’ saved [126636]

